<?xml version="1.0" encoding="UTF-8"?>
<testng-results ignored="0" total="1" passed="1" failed="0" skipped="0">
  <reporter-output>
  </reporter-output>
  <suite started-at="2025-05-26T15:33:35 IST" name="DemoTest" finished-at="2025-05-26T15:33:40 IST" duration-ms="4911">
    <groups>
    </groups>
    <test started-at="2025-05-26T15:33:35 IST" name="Checkout" finished-at="2025-05-26T15:33:40 IST" duration-ms="4911">
      <class name="login.loginpage">
        <test-method signature="details()[pri:0, instance:login.loginpage@12468a38]" started-at="2025-05-26T15:33:35 IST" name="details" finished-at="2025-05-26T15:33:40 IST" duration-ms="4831" status="PASS">
          <reporter-output>
          </reporter-output>
        </test-method> <!-- details -->
      </class> <!-- login.loginpage -->
    </test> <!-- Checkout -->
  </suite> <!-- DemoTest -->
</testng-results>
