<?xml version="1.0" encoding="UTF-8"?>
<!-- Generated by org.testng.reporters.JUnitReportReporter -->
<testsuite hostname="L-INE-B0Z4T93" failures="0" tests="1" name="cucumber.test" time="0.161" errors="1" timestamp="2025-03-05T13:34:39 IST" skipped="0">
  <testcase classname="cucumber.test" name="runScenario" time="0.161">
    <error message="Cannot invoke &quot;org.openqa.selenium.WebDriver.get(String)&quot; because &quot;this.driver&quot; is null" type="java.lang.NullPointerException">
      <![CDATA[java.lang.NullPointerException: Cannot invoke "org.openqa.selenium.WebDriver.get(String)" because "this.driver" is null
at stepdefinition.stepdefinition.user_is_on_login_page(stepdefinition.java:16)
at ✽.User is on the login page(file:///C:/Users/hvenugopal/eclipse-workspace/cucumber/src/test/java/cucumber/cucumber.feature:24)
]]>
    </error>
  </testcase> <!-- runScenario -->
  <system-out/>
</testsuite> <!-- cucumber.test -->
